Reading netlist file: "C:\Users\beyza\Desktop\gomulu\foy1\deney1_led\impl\gwsynthesis\deney1_led.vg"
Parsing netlist file "C:\Users\beyza\Desktop\gomulu\foy1\deney1_led\impl\gwsynthesis\deney1_led.vg" completed
Processing netlist completed
Reading constraint file: "C:\Users\beyza\Desktop\gomulu\foy1\deney1_led\src\deney1_led.cst"
Physical Constraint parsed completed
Running placement......
[10%] Placement Phase 0 completed
[20%] Placement Phase 1 completed
[30%] Placement Phase 2 completed
[50%] Placement Phase 3 completed
Running routing......
[60%] Routing Phase 0 completed
[70%] Routing Phase 1 completed
[90%] Routing Phase 3 completed
Running timing analysis......
[95%] Timing analysis completed
Placement and routing completed
Bitstream generation in progress......
Bitstream generation completed
Running power analysis......
[100%] Power analysis completed
Generate file "C:\Users\beyza\Desktop\gomulu\foy1\deney1_led\impl\pnr\deney1_led.power.html" completed
Generate file "C:\Users\beyza\Desktop\gomulu\foy1\deney1_led\impl\pnr\deney1_led.pin.html" completed
Generate file "C:\Users\beyza\Desktop\gomulu\foy1\deney1_led\impl\pnr\deney1_led.rpt.html" completed
Generate file "C:\Users\beyza\Desktop\gomulu\foy1\deney1_led\impl\pnr\deney1_led.rpt.txt" completed
Generate file "C:\Users\beyza\Desktop\gomulu\foy1\deney1_led\impl\pnr\deney1_led.tr.html" completed
Sat Mar 14 02:03:14 2026

