Reading netlist file: "C:\Users\beyza\Desktop\Embedded System\foy3\deney2_counter\impl\gwsynthesis\deney2_counter.vg"
Parsing netlist file "C:\Users\beyza\Desktop\Embedded System\foy3\deney2_counter\impl\gwsynthesis\deney2_counter.vg" completed
Processing netlist completed
Reading constraint file: "C:\Users\beyza\Desktop\Embedded System\foy3\deney2_counter\src\deney2_counter.cst"
Physical Constraint parsed completed
Running placement......
[10%] Placement Phase 0 completed
[20%] Placement Phase 1 completed
[30%] Placement Phase 2 completed
WARN  (TA1132) :  'clk' was determined to be a clock but was not created.
WARN  (TA1132) :  'clk_yavaz' was determined to be a clock but was not created.
[50%] Placement Phase 3 completed
Running routing......
[60%] Routing Phase 0 completed
[70%] Routing Phase 1 completed
[80%] Routing Phase 2 completed
[90%] Routing Phase 3 completed
Running timing analysis......
[95%] Timing analysis completed
Placement and routing completed
Bitstream generation in progress......
Bitstream generation completed
Running power analysis......
[100%] Power analysis completed
Generate file "C:\Users\beyza\Desktop\Embedded System\foy3\deney2_counter\impl\pnr\deney2_counter.power.html" completed
Generate file "C:\Users\beyza\Desktop\Embedded System\foy3\deney2_counter\impl\pnr\deney2_counter.pin.html" completed
Generate file "C:\Users\beyza\Desktop\Embedded System\foy3\deney2_counter\impl\pnr\deney2_counter.rpt.html" completed
Generate file "C:\Users\beyza\Desktop\Embedded System\foy3\deney2_counter\impl\pnr\deney2_counter.rpt.txt" completed
Generate file "C:\Users\beyza\Desktop\Embedded System\foy3\deney2_counter\impl\pnr\deney2_counter.tr.html" completed
Sat May  2 14:49:11 2026

