Reading netlist file: "C:\Users\beyza\Desktop\gomulu\lehim1\impl\gwsynthesis\lehim1.vg"
Parsing netlist file "C:\Users\beyza\Desktop\gomulu\lehim1\impl\gwsynthesis\lehim1.vg" completed
Processing netlist completed
Reading constraint file: "C:\Users\beyza\Desktop\gomulu\lehim1\src\lehim1.cst"
Physical Constraint parsed completed
Running placement......
[10%] Placement Phase 0 completed
[20%] Placement Phase 1 completed
[30%] Placement Phase 2 completed
WARN  (TA1132) :  'sys_clk' was determined to be a clock but was not created.
[50%] Placement Phase 3 completed
Running routing......
[60%] Routing Phase 0 completed
[70%] Routing Phase 1 completed
[80%] Routing Phase 2 completed
[90%] Routing Phase 3 completed
Running timing analysis......
[95%] Timing analysis completed
Placement and routing completed
Bitstream generation in progress......
Bitstream generation completed
Running power analysis......
[100%] Power analysis completed
Generate file "C:\Users\beyza\Desktop\gomulu\lehim1\impl\pnr\lehim1.power.html" completed
Generate file "C:\Users\beyza\Desktop\gomulu\lehim1\impl\pnr\lehim1.pin.html" completed
Generate file "C:\Users\beyza\Desktop\gomulu\lehim1\impl\pnr\lehim1.rpt.html" completed
Generate file "C:\Users\beyza\Desktop\gomulu\lehim1\impl\pnr\lehim1.rpt.txt" completed
Generate file "C:\Users\beyza\Desktop\gomulu\lehim1\impl\pnr\lehim1.tr.html" completed
Mon Mar  9 16:42:12 2026

