Reading netlist file: "C:\Users\beyza\Desktop\gomulu\fpga_project\impl\gwsynthesis\fpga_project.vg"
WARN  (PA1005) : "C:\Users\beyza\Desktop\gomulu\fpga_project\impl\gwsynthesis\fpga_project.vg":12 | Module 'tb_majority4' contains empty port list
Parsing netlist file "C:\Users\beyza\Desktop\gomulu\fpga_project\impl\gwsynthesis\fpga_project.vg" completed
Processing netlist completed
Running placement......
[10%] Placement Phase 0 completed
[20%] Placement Phase 1 completed
[30%] Placement Phase 2 completed
[50%] Placement Phase 3 completed
Running routing......
[60%] Routing Phase 0 completed
[70%] Routing Phase 1 completed
[90%] Routing Phase 3 completed
Running timing analysis......
[95%] Timing analysis completed
Placement and routing completed
Bitstream generation in progress......
Bitstream generation completed
Running power analysis......
[100%] Power analysis completed
Generate file "C:\Users\beyza\Desktop\gomulu\fpga_project\impl\pnr\fpga_project.power.html" completed
Generate file "C:\Users\beyza\Desktop\gomulu\fpga_project\impl\pnr\fpga_project.pin.html" completed
Generate file "C:\Users\beyza\Desktop\gomulu\fpga_project\impl\pnr\fpga_project.rpt.html" completed
Generate file "C:\Users\beyza\Desktop\gomulu\fpga_project\impl\pnr\fpga_project.rpt.txt" completed
Generate file "C:\Users\beyza\Desktop\gomulu\fpga_project\impl\pnr\fpga_project.tr.html" completed
Sun Mar  8 23:12:34 2026

