Reading netlist file: "C:\Users\beyza\Desktop\Embedded System\foy2\deney1b\impl\gwsynthesis\deney1b.vg"
Parsing netlist file "C:\Users\beyza\Desktop\Embedded System\foy2\deney1b\impl\gwsynthesis\deney1b.vg" completed
Processing netlist completed
Reading constraint file: "C:\Users\beyza\Desktop\Embedded System\foy2\deney1b\src\deney1b.cst"
Physical Constraint parsed completed
Running placement......
[10%] Placement Phase 0 completed
[20%] Placement Phase 1 completed
[30%] Placement Phase 2 completed
[50%] Placement Phase 3 completed
Running routing......
[60%] Routing Phase 0 completed
[70%] Routing Phase 1 completed
[80%] Routing Phase 2 completed
[90%] Routing Phase 3 completed
Running timing analysis......
[95%] Timing analysis completed
Placement and routing completed
Bitstream generation in progress......
Bitstream generation completed
Running power analysis......
[100%] Power analysis completed
Generate file "C:\Users\beyza\Desktop\Embedded System\foy2\deney1b\impl\pnr\deney1b.power.html" completed
Generate file "C:\Users\beyza\Desktop\Embedded System\foy2\deney1b\impl\pnr\deney1b.pin.html" completed
Generate file "C:\Users\beyza\Desktop\Embedded System\foy2\deney1b\impl\pnr\deney1b.rpt.html" completed
Generate file "C:\Users\beyza\Desktop\Embedded System\foy2\deney1b\impl\pnr\deney1b.rpt.txt" completed
Generate file "C:\Users\beyza\Desktop\Embedded System\foy2\deney1b\impl\pnr\deney1b.tr.html" completed
Wed Mar 18 18:57:14 2026

