GowinSynthesis start
Running parser ...
Analyzing Verilog file 'C:\Users\beyza\Desktop\gomulu\fpga_project\src\majority4.v'
Analyzing Verilog file 'C:\Users\beyza\Desktop\gomulu\fpga_project\src\tb_majority4.v'
Compiling module 'tb_majority4'("C:\Users\beyza\Desktop\gomulu\fpga_project\src\tb_majority4.v":3)
WARN  (EX3858) : System task 'display' is ignored for synthesis("C:\Users\beyza\Desktop\gomulu\fpga_project\src\tb_majority4.v":14)
WARN  (EX2629) : Delay control is not supported for synthesis("C:\Users\beyza\Desktop\gomulu\fpga_project\src\tb_majority4.v":17)
WARN  (EX3858) : System task 'display' is ignored for synthesis("C:\Users\beyza\Desktop\gomulu\fpga_project\src\tb_majority4.v":18)
WARN  (EX3858) : System task 'finish' is ignored for synthesis("C:\Users\beyza\Desktop\gomulu\fpga_project\src\tb_majority4.v":20)
WARN  (EX3780) : Using initial value of 'd' since it is never assigned("C:\Users\beyza\Desktop\gomulu\fpga_project\src\tb_majority4.v":21)
Compiling module 'majority4'("C:\Users\beyza\Desktop\gomulu\fpga_project\src\majority4.v":1)
NOTE  (EX0101) : Current top module is "tb_majority4"
WARN  (EX0203) : Top module "tb_majority4" has no ports("C:\Users\beyza\Desktop\gomulu\fpga_project\src\tb_majority4.v":3)
[5%] Running netlist conversion ...
Running device independent optimization ...
[10%] Optimizing Phase 0 completed
[15%] Optimizing Phase 1 completed
[25%] Optimizing Phase 2 completed
Running inference ...
[30%] Inferring Phase 0 completed
[40%] Inferring Phase 1 completed
[50%] Inferring Phase 2 completed
[55%] Inferring Phase 3 completed
Running technical mapping ...
[60%] Tech-Mapping Phase 0 completed
[65%] Tech-Mapping Phase 1 completed
[75%] Tech-Mapping Phase 2 completed
[80%] Tech-Mapping Phase 3 completed
[90%] Tech-Mapping Phase 4 completed
WARN  (NL0002) : The module "majority4" instantiated to "uut" is swept in optimizing("C:\Users\beyza\Desktop\gomulu\fpga_project\src\tb_majority4.v":10)
[95%] Generate netlist file "C:\Users\beyza\Desktop\gomulu\fpga_project\impl\gwsynthesis\fpga_project.vg" completed
[100%] Generate report file "C:\Users\beyza\Desktop\gomulu\fpga_project\impl\gwsynthesis\fpga_project_syn.rpt.html" completed
GowinSynthesis finish
