Reading netlist file: "C:\Users\beyza\Desktop\Embedded System\foy3\deney3_led_chaser\impl\gwsynthesis\deney3_led_chaser.vg"
Parsing netlist file "C:\Users\beyza\Desktop\Embedded System\foy3\deney3_led_chaser\impl\gwsynthesis\deney3_led_chaser.vg" completed
Processing netlist completed
Reading constraint file: "C:\Users\beyza\Desktop\Embedded System\foy3\deney3_led_chaser\src\deney3_led_chaser.cst"
Physical Constraint parsed completed
Running placement......
[10%] Placement Phase 0 completed
[20%] Placement Phase 1 completed
[30%] Placement Phase 2 completed
WARN  (TA1132) :  'clk' was determined to be a clock but was not created.
WARN  (TA1132) :  'clk_led' was determined to be a clock but was not created.
[50%] Placement Phase 3 completed
Running routing......
[60%] Routing Phase 0 completed
[70%] Routing Phase 1 completed
[80%] Routing Phase 2 completed
[90%] Routing Phase 3 completed
Running timing analysis......
[95%] Timing analysis completed
Placement and routing completed
Bitstream generation in progress......
Bitstream generation completed
Running power analysis......
[100%] Power analysis completed
Generate file "C:\Users\beyza\Desktop\Embedded System\foy3\deney3_led_chaser\impl\pnr\deney3_led_chaser.power.html" completed
Generate file "C:\Users\beyza\Desktop\Embedded System\foy3\deney3_led_chaser\impl\pnr\deney3_led_chaser.pin.html" completed
Generate file "C:\Users\beyza\Desktop\Embedded System\foy3\deney3_led_chaser\impl\pnr\deney3_led_chaser.rpt.html" completed
Generate file "C:\Users\beyza\Desktop\Embedded System\foy3\deney3_led_chaser\impl\pnr\deney3_led_chaser.rpt.txt" completed
Generate file "C:\Users\beyza\Desktop\Embedded System\foy3\deney3_led_chaser\impl\pnr\deney3_led_chaser.tr.html" completed
Sat May  2 14:55:23 2026

